<?xml version="1.0" encoding="UTF-8"?>
<testsuite xmlns:xsi="http://www.w3.org/2001/XMLSchema-instance" xsi:noNamespaceSchemaLocation="https://maven.apache.org/surefire/maven-surefire-plugin/xsd/surefire-test-report.xsd" version="3.0.2" name="TestSuite" time="14.874" tests="1" errors="0" skipped="0" failures="0">
  <properties>
[...]
</properties>
  <testcase name="runScenario[&quot;Check login is successful with valid creds&quot;, &quot;Login page Automation of saucedemo App&quot;](1)" classname="TestRunner.CucumberTestRunner" time="13.022">
    <system-out><![CDATA[
Scenario Outline: Check login is successful with valid creds &amp#27;[90m# src/test/resources/Features/login.feature:12&amp#27;[0m
  &amp#27;[32mGiven &amp#27;[0m&amp#27;[32mUser is on login page&amp#27;[0m                                &amp#27;[90m# StepDefinitions.PageFactoryLoginStepsDefinition.user_is_on_login_page()&amp#27;[0m
  &amp#27;[32mWhen &amp#27;[0m&amp#27;[32mUser enters valid &amp#27;[0m&amp#27;[32m&amp#27;[1m"standard_user"&amp#27;[0m&amp#27;[32m and &amp#27;[0m&amp#27;[32m&amp#27;[1m"secret_sauce"&amp#27;[0m  &amp#27;[90m# StepDefinitions.PageFactoryLoginStepsDefinition.user_enters_valid_and(java.lang.String,java.lang.String)&amp#27;[0m
I'm inside Page Factory Class -changedAgain
  &amp#27;[32mAnd &amp#27;[0m&amp#27;[32mClicks on Login Button&amp#27;[0m                                 &amp#27;[90m# StepDefinitions.PageFactoryLoginStepsDefinition.clicks_on_login_button()&amp#27;[0m
  &amp#27;[32mThen &amp#27;[0m&amp#27;[32mUser is navigated to Home Page&amp#27;[0m                        &amp#27;[90m# StepDefinitions.PageFactoryLoginStepsDefinition.user_is_navigated_to_home_page()&amp#27;[0m
  &amp#27;[32mAnd &amp#27;[0m&amp#27;[32mClose the browser&amp#27;[0m                                      &amp#27;[90m# StepDefinitions.PageFactoryLoginStepsDefinition.close_the_browser()&amp#27;[0m
]]></system-out>
    <system-err><![CDATA[Sep 13, 2024 3:54:11 PM org.openqa.selenium.devtools.CdpVersionFinder findNearestMatch
WARNING: Unable to find CDP implementation matching 128
Sep 13, 2024 3:54:11 PM org.openqa.selenium.chromium.ChromiumDriver lambda$new$5
WARNING: Unable to find version of CDP to use for 128.0.6613.137. You may need to include a dependency on a specific version of the CDP using something similar to `org.seleniumhq.selenium:selenium-devtools-v86:4.14.1` where the version ("v86") matches the version of the chromium-based browser you're using and the version number of the artifact is the same as Selenium's.
]]></system-err>
  </testcase>
</testsuite>