<?xml version="1.0" encoding="UTF-8"?>
<testng-results ignored="0" total="1" passed="1" failed="0" skipped="0">
  <reporter-output>
  </reporter-output>
  <suite started-at="2024-09-13T16:48:00 IST" name="Default suite" finished-at="2024-09-13T16:48:09 IST" duration-ms="9021">
    <groups>
      <group name="cucumber">
        <method signature="AbstractTestNGCucumberTests.runScenario(io.cucumber.testng.PickleWrapper,io.cucumber.testng.FeatureWrapper)[pri:0, instance:TestRunner.CucumberTestRunner@5a59ca5e]" name="runScenario" class="io.cucumber.testng.AbstractTestNGCucumberTests"/>
      </group> <!-- cucumber -->
    </groups>
    <test started-at="2024-09-13T16:48:00 IST" name="Default test" finished-at="2024-09-13T16:48:09 IST" duration-ms="9021">
      <class name="TestRunner.CucumberTestRunner">
        <test-method is-config="true" signature="setUpClass(org.testng.ITestContext)[pri:0, instance:TestRunner.CucumberTestRunner@5a59ca5e]" started-at="2024-09-13T16:48:00 IST" name="setUpClass" finished-at="2024-09-13T16:48:01 IST" duration-ms="950" status="PASS">
          <params>
            <param index="0">
              <value>
                <![CDATA[org.testng.TestRunner@73ca34e7]]>
              </value>
            </param>
          </params>
          <reporter-output>
          </reporter-output>
        </test-method> <!-- setUpClass -->
        <test-method signature="runScenario(io.cucumber.testng.PickleWrapper,io.cucumber.testng.FeatureWrapper)[pri:0, instance:TestRunner.CucumberTestRunner@5a59ca5e]" started-at="2024-09-13T16:48:01 IST" name="runScenario" description="Runs Cucumber Scenarios" data-provider="scenarios" finished-at="2024-09-13T16:48:09 IST" duration-ms="7876" status="PASS">
          <params>
            <param index="0">
              <value>
                <![CDATA["Check login is successful with valid creds"]]>
              </value>
            </param>
            <param index="1">
              <value>
                <![CDATA["Login page Automation of saucedemo App"]]>
              </value>
            </param>
          </params>
          <reporter-output>
          </reporter-output>
        </test-method> <!-- runScenario -->
        <test-method is-config="true" signature="tearDownClass()[pri:0, instance:TestRunner.CucumberTestRunner@5a59ca5e]" started-at="2024-09-13T16:48:09 IST" name="tearDownClass" finished-at="2024-09-13T16:48:09 IST" duration-ms="114" status="PASS">
          <reporter-output>
          </reporter-output>
        </test-method> <!-- tearDownClass -->
        <test-method is-config="true" signature="generateReport()[pri:0, instance:TestRunner.CucumberTestRunner@5a59ca5e]" started-at="2024-09-13T16:48:09 IST" name="generateReport" finished-at="2024-09-13T16:48:10 IST" duration-ms="1253" status="PASS">
          <reporter-output>
          </reporter-output>
        </test-method> <!-- generateReport -->
      </class> <!-- TestRunner.CucumberTestRunner -->
    </test> <!-- Default test -->
  </suite> <!-- Default suite -->
</testng-results>
